<?xml version="1.0" encoding="UTF-8"?>
<testsuite xmlns:xsi="http://www.w3.org/2001/XMLSchema-instance" xsi:noNamespaceSchemaLocation="https://maven.apache.org/surefire/maven-surefire-plugin/xsd/surefire-test-report-3.0.xsd" version="3.0" name="com.pajet.AppTest" time="0.015" tests="1" errors="0" skipped="0" failures="0">
  <properties>
    <property name="java.specification.version" value="21"/>
    <property name="sun.jnu.encoding" value="UTF-8"/>
    <property name="java.class.path" value="/Users/julesmargolle/Documents/Cours/I4/RoboticArm/pajet-app/target/test-classes:/Users/julesmargolle/Documents/Cours/I4/RoboticArm/pajet-app/target/classes:/Users/julesmargolle/.m2/repository/junit/junit/3.8.1/junit-3.8.1.jar:/Users/julesmargolle/.m2/repository/org/openjfx/javafx-controls/15/javafx-controls-15.jar:/Users/julesmargolle/.m2/repository/org/openjfx/javafx-controls/15/javafx-controls-15-mac.jar:/Users/julesmargolle/.m2/repository/org/openjfx/javafx-fxml/15/javafx-fxml-15.jar:/Users/julesmargolle/.m2/repository/org/openjfx/javafx-fxml/15/javafx-fxml-15-mac.jar:/Users/julesmargolle/.m2/repository/org/openjfx/javafx-base/15/javafx-base-15.jar:/Users/julesmargolle/.m2/repository/org/openjfx/javafx-base/15/javafx-base-15-mac.jar:/Users/julesmargolle/.m2/repository/org/openjfx/javafx-graphics/15/javafx-graphics-15.jar:/Users/julesmargolle/.m2/repository/org/openjfx/javafx-graphics/15/javafx-graphics-15-mac.jar:"/>
    <property name="java.vm.vendor" value="Homebrew"/>
    <property name="sun.arch.data.model" value="64"/>
    <property name="java.vendor.url" value="https://github.com/Homebrew/homebrew-core/issues"/>
    <property name="os.name" value="Mac OS X"/>
    <property name="java.vm.specification.version" value="21"/>
    <property name="sun.java.launcher" value="SUN_STANDARD"/>
    <property name="user.country" value="FR"/>
    <property name="sun.boot.library.path" value="/opt/homebrew/Cellar/openjdk/21.0.2/libexec/openjdk.jdk/Contents/Home/lib"/>
    <property name="sun.java.command" value="/Users/julesmargolle/Documents/Cours/I4/RoboticArm/pajet-app/target/surefire/surefirebooter-20250304093049830_3.jar /Users/julesmargolle/Documents/Cours/I4/RoboticArm/pajet-app/target/surefire 2025-03-04T09-30-49_787-jvmRun1 surefire-20250304093049830_1tmp surefire_0-20250304093049830_2tmp"/>
    <property name="http.nonProxyHosts" value="local|*.local|169.254/16|*.169.254/16"/>
    <property name="jdk.debug" value="release"/>
    <property name="surefire.test.class.path" value="/Users/julesmargolle/Documents/Cours/I4/RoboticArm/pajet-app/target/test-classes:/Users/julesmargolle/Documents/Cours/I4/RoboticArm/pajet-app/target/classes:/Users/julesmargolle/.m2/repository/junit/junit/3.8.1/junit-3.8.1.jar:/Users/julesmargolle/.m2/repository/org/openjfx/javafx-controls/15/javafx-controls-15.jar:/Users/julesmargolle/.m2/repository/org/openjfx/javafx-controls/15/javafx-controls-15-mac.jar:/Users/julesmargolle/.m2/repository/org/openjfx/javafx-fxml/15/javafx-fxml-15.jar:/Users/julesmargolle/.m2/repository/org/openjfx/javafx-fxml/15/javafx-fxml-15-mac.jar:/Users/julesmargolle/.m2/repository/org/openjfx/javafx-base/15/javafx-base-15.jar:/Users/julesmargolle/.m2/repository/org/openjfx/javafx-base/15/javafx-base-15-mac.jar:/Users/julesmargolle/.m2/repository/org/openjfx/javafx-graphics/15/javafx-graphics-15.jar:/Users/julesmargolle/.m2/repository/org/openjfx/javafx-graphics/15/javafx-graphics-15-mac.jar:"/>
    <property name="sun.cpu.endian" value="little"/>
    <property name="user.home" value="/Users/julesmargolle"/>
    <property name="user.language" value="fr"/>
    <property name="java.specification.vendor" value="Oracle Corporation"/>
    <property name="java.version.date" value="2024-01-16"/>
    <property name="java.home" value="/opt/homebrew/Cellar/openjdk/21.0.2/libexec/openjdk.jdk/Contents/Home"/>
    <property name="file.separator" value="/"/>
    <property name="basedir" value="/Users/julesmargolle/Documents/Cours/I4/RoboticArm/pajet-app"/>
    <property name="java.vm.compressedOopsMode" value="Zero based"/>
    <property name="line.separator" value="&#10;"/>
    <property name="java.vm.specification.vendor" value="Oracle Corporation"/>
    <property name="java.specification.name" value="Java Platform API Specification"/>
    <property name="apple.awt.application.name" value="ForkedBooter"/>
    <property name="surefire.real.class.path" value="/Users/julesmargolle/Documents/Cours/I4/RoboticArm/pajet-app/target/surefire/surefirebooter-20250304093049830_3.jar"/>
    <property name="sun.management.compiler" value="HotSpot 64-Bit Tiered Compilers"/>
    <property name="ftp.nonProxyHosts" value="local|*.local|169.254/16|*.169.254/16"/>
    <property name="java.runtime.version" value="21.0.2"/>
    <property name="user.name" value="julesmargolle"/>
    <property name="stdout.encoding" value="UTF-8"/>
    <property name="path.separator" value=":"/>
    <property name="os.version" value="14.4.1"/>
    <property name="java.runtime.name" value="OpenJDK Runtime Environment"/>
    <property name="file.encoding" value="UTF-8"/>
    <property name="java.vm.name" value="OpenJDK 64-Bit Server VM"/>
    <property name="java.vendor.version" value="Homebrew"/>
    <property name="localRepository" value="/Users/julesmargolle/.m2/repository"/>
    <property name="java.vendor.url.bug" value="https://github.com/Homebrew/homebrew-core/issues"/>
    <property name="java.io.tmpdir" value="/var/folders/dk/47hd50y13b18chnw5q0jr2y80000gn/T/"/>
    <property name="java.version" value="21.0.2"/>
    <property name="user.dir" value="/Users/julesmargolle/Documents/Cours/I4/RoboticArm/pajet-app"/>
    <property name="os.arch" value="aarch64"/>
    <property name="java.vm.specification.name" value="Java Virtual Machine Specification"/>
    <property name="native.encoding" value="UTF-8"/>
    <property name="java.library.path" value="/Users/julesmargolle/Library/Java/Extensions:/Library/Java/Extensions:/Network/Library/Java/Extensions:/System/Library/Java/Extensions:/usr/lib/java:."/>
    <property name="java.vm.info" value="mixed mode, sharing"/>
    <property name="stderr.encoding" value="UTF-8"/>
    <property name="java.vendor" value="Homebrew"/>
    <property name="java.vm.version" value="21.0.2"/>
    <property name="sun.io.unicode.encoding" value="UnicodeBig"/>
    <property name="socksNonProxyHosts" value="local|*.local|169.254/16|*.169.254/16"/>
    <property name="java.class.version" value="65.0"/>
  </properties>
  <testcase name="testApp" classname="com.pajet.AppTest" time="0.002"/>
</testsuite>